"C:/Users/Elijah Posey/Documents/GitHub/Flashback_And_Reload/Flashback_And_Reload/Flashback_And_Reload.uproject" 1
"../../../Engine/Plugins/2D/Paper2D/Paper2D.uplugin" 2
"../../../Engine/Plugins/Developer/BlankPlugin/BlankPlugin.uplugin" 3
"../../../Engine/Plugins/Developer/PerforceSourceControl/PerforceSourceControl.uplugin" 4
"../../../Engine/Plugins/Developer/SubversionSourceControl/SubversionSourceControl.uplugin" 5
"../../../Engine/Plugins/Developer/UObjectPlugin/UObjectPlugin.uplugin" 6
"../../../Engine/Plugins/Developer/VisualStudioSourceCodeAccess/VisualStudioSourceCodeAccess.uplugin" 7
"../../../Engine/Plugins/Developer/XCodeSourceCodeAccess/XCodeSourceCodeAccess.uplugin" 8
"../../../Engine/Plugins/Editor/EpicSurvey/EpicSurvey.uplugin" 9
"../../../Engine/Plugins/Editor/MacGraphicsSwitching/MacGraphicsSwitching.uplugin" 10
"../../../Engine/Plugins/Editor/PluginsEditor/PluginsEditor.uplugin" 11
"../../../Engine/Plugins/Editor/SpeedTreeImporter/SpeedTreeImporter.uplugin" 12
"../../../Engine/Plugins/Experimental/BlueprintStats/BlueprintStats.uplugin" 13
"../../../Engine/Plugins/Experimental/CharacterAI/CharacterAI.uplugin" 14
"../../../Engine/Plugins/Experimental/CodeView/CodeView.uplugin" 15
"../../../Engine/Plugins/Experimental/LiveEditor/LiveEditor.uplugin" 16
"../../../Engine/Plugins/Experimental/Phya/Phya.uplugin" 17
"../../../Engine/Plugins/Experimental/SteamVR/SteamVR.uplugin" 18
"../../../Engine/Plugins/Media/AvfMedia/AvfMedia.uplugin" 19
"../../../Engine/Plugins/Media/MediaPlayerEditor/MediaPlayerEditor.uplugin" 20
"../../../Engine/Plugins/Media/WmfMedia/WmfMedia.uplugin" 21
"../../../Engine/Plugins/Messaging/MessagingDebugger/MessagingDebugger.uplugin" 22
"../../../Engine/Plugins/Messaging/ShmMessaging/ShmMessaging.uplugin" 23
"../../../Engine/Plugins/Messaging/UdpMessaging/UdpMessaging.uplugin" 24
"../../../Engine/Plugins/Runtime/Advertising/IOSTapJoy/IOSTapJoy.uplugin" 25
"../../../Engine/Plugins/Runtime/Analytics/AnalyticsBlueprintLibrary/AnalyticsBlueprintLibrary.uplugin" 26
"../../../Engine/Plugins/Runtime/Analytics/Apsalar/IOSApsalar/IOSApsalar.uplugin" 27
"../../../Engine/Plugins/Runtime/Analytics/FileLogging/FileLogging.uplugin" 28
"../../../Engine/Plugins/Runtime/AndroidDeviceProfileSelector/AndroidDeviceProfileSelector.uplugin" 29
"../../../Engine/Plugins/Runtime/AppleMoviePlayer/AppleMoviePlayer.uplugin" 30
"../../../Engine/Plugins/Runtime/CableComponent/CableComponent.uplugin" 31
"../../../Engine/Plugins/Runtime/CustomMeshComponent/CustomMeshComponent.uplugin" 32
"../../../Engine/Plugins/Runtime/ExampleDeviceProfileSelector/ExampleDeviceProfileSelector.uplugin" 33
"../../../Engine/Plugins/Runtime/IOSDeviceProfileSelector/IOSDeviceProfileSelector.uplugin" 34
"../../../Engine/Plugins/Runtime/LiveEditorListenServer/LiveEditorListenServer.uplugin" 35
"../../../Engine/Plugins/Runtime/OculusRift/OculusRift.uplugin" 36
"../../../Engine/Plugins/Runtime/SoundMod/SoundMod.uplugin" 37
"../../../Engine/Plugins/Runtime/SoundVisualizations/SoundVisualizations.uplugin" 38
"../../../Engine/Plugins/Runtime/TwitchLiveStreaming/TwitchLiveStreaming.uplugin" 39
"../../../Engine/Plugins/Runtime/WindowsDeviceProfileSelector/WindowsDeviceProfileSelector.uplugin" 40
"../../../Engine/Plugins/Runtime/WindowsMoviePlayer/WindowsMoviePlayer.uplugin" 41
"../../../Engine/Plugins/ScriptGeneratorPlugin/ScriptGeneratorPlugin.uplugin" 42
"../../../Engine/Plugins/ScriptPlugin/ScriptPlugin.uplugin" 43
"../../../Engine/Plugins/Slate/SlateRemote/SlateRemote.uplugin" 44
"..\..\..\Engine\Content\Internationalization\icudt53l\cnvalias.icu" 45
"..\..\..\Engine\Content\Internationalization\icudt53l\en_US_POSIX.res" 46
"..\..\..\Engine\Content\Internationalization\icudt53l\pool.res" 47
"..\..\..\Engine\Content\Internationalization\icudt53l\en_US.res" 48
"..\..\..\Engine\Content\Internationalization\icudt53l\en.res" 49
"..\..\..\Engine\Content\Internationalization\icudt53l\root.res" 50
"..\..\..\Engine\Content\Internationalization\icudt53l\coll\ucadata.icu" 51
"..\..\..\Engine\Content\Internationalization\icudt53l\nfc.nrm" 52
"..\..\..\Engine\Content\Internationalization\icudt53l\coll\en_US_POSIX.res" 53
"..\..\..\Engine\Content\Internationalization\icudt53l\coll\en_US.res" 54
"..\..\..\Engine\Content\Internationalization\icudt53l\coll\en.res" 55
"..\..\..\Engine\Content\Internationalization\icudt53l\coll\root.res" 56
"..\..\..\Engine\Content\Internationalization\icudt53l\numberingSystems.res" 57
"..\..\..\Engine\Content\Internationalization\icudt53l\curr\supplementalData.res" 58
"..\..\..\Engine\Content\Internationalization\icudt53l\curr\pool.res" 59
"..\..\..\Engine\Content\Internationalization\icudt53l\curr\en.res" 60
"..\..\..\Engine\Content\Internationalization\icudt53l\curr\root.res" 61
"..\..\..\Engine\Content\Internationalization\icudt53l\plurals.res" 62
"..\..\..\Engine\Content\Internationalization\icudt53l\windowsZones.res" 63
"..\..\..\Engine\Content\Internationalization\icudt53l\zoneinfo64.res" 64
"..\..\..\Engine\Content\Internationalization\icudt53l\keyTypeData.res" 65
"..\..\..\Engine\Content\Internationalization\icudt53l\timezoneTypes.res" 66
"..\..\..\Engine\Content\Internationalization\icudt53l\supplementalData.res" 67
"..\..\..\Engine\Content\Internationalization\icudt53l\likelySubtags.res" 68
"../../../Engine/Config/Base.ini" 69
"../../../Engine/Config/BaseEngine.ini" 70
"../../../../../../Users/Elijah Posey/Documents/GitHub/Flashback_And_Reload/Flashback_And_Reload/Config/DefaultEngine.ini" 71
"../../../Engine/Config/Windows/WindowsEngine.ini" 72
"C:/Users/Elijah Posey/Documents/GitHub/Flashback_And_Reload/Flashback_And_Reload/Saved/Config/Windows/Engine.ini" 73
"../../../../../../Users/Elijah Posey/Documents/GitHub/Flashback_And_Reload/Flashback_And_Reload/Saved/Config/CleanSourceConfigs/Engine.ini" 74
"../../../Engine/Config/BaseGame.ini" 75
"../../../../../../Users/Elijah Posey/Documents/GitHub/Flashback_And_Reload/Flashback_And_Reload/Config/DefaultGame.ini" 76
"C:/Users/Elijah Posey/Documents/GitHub/Flashback_And_Reload/Flashback_And_Reload/Saved/Config/Windows/Game.ini" 77
"../../../../../../Users/Elijah Posey/Documents/GitHub/Flashback_And_Reload/Flashback_And_Reload/Saved/Config/CleanSourceConfigs/Game.ini" 78
"../../../Engine/Config/BaseInput.ini" 79
"../../../../../../Users/Elijah Posey/Documents/GitHub/Flashback_And_Reload/Flashback_And_Reload/Config/DefaultInput.ini" 80
"C:/Users/Elijah Posey/Documents/GitHub/Flashback_And_Reload/Flashback_And_Reload/Saved/Config/Windows/Input.ini" 81
"../../../../../../Users/Elijah Posey/Documents/GitHub/Flashback_And_Reload/Flashback_And_Reload/Saved/Config/CleanSourceConfigs/Input.ini" 82
"../../../Engine/Config/BaseEditor.ini" 83
"../../../../../../Users/Elijah Posey/Documents/GitHub/Flashback_And_Reload/Flashback_And_Reload/Config/DefaultEditor.ini" 84
"C:/Users/Elijah Posey/Documents/GitHub/Flashback_And_Reload/Flashback_And_Reload/Saved/Config/Windows/Editor.ini" 85
"../../../../../../Users/Elijah Posey/Documents/GitHub/Flashback_And_Reload/Flashback_And_Reload/Saved/Config/CleanSourceConfigs/Editor.ini" 86
"../../../Engine/Config/BaseEditorLayout.ini" 87
"C:/Users/Elijah Posey/Documents/GitHub/Flashback_And_Reload/Flashback_And_Reload/Saved/Config/Windows/EditorLayout.ini" 88
"../../../../../../Users/Elijah Posey/Documents/GitHub/Flashback_And_Reload/Flashback_And_Reload/Saved/Config/CleanSourceConfigs/EditorLayout.ini" 89
"../../../Engine/Config/BaseEditorUserSettings.ini" 90
"C:/Users/Elijah Posey/Documents/GitHub/Flashback_And_Reload/Flashback_And_Reload/Saved/Config/Windows/EditorUserSettings.ini" 91
"../../../../../../Users/Elijah Posey/Documents/GitHub/Flashback_And_Reload/Flashback_And_Reload/Saved/Config/CleanSourceConfigs/EditorUserSettings.ini" 92
"../../../Engine/Config/BaseEditorKeyBindings.ini" 93
"C:/Users/Elijah Posey/Documents/GitHub/Flashback_And_Reload/Flashback_And_Reload/Saved/Config/Windows/EditorKeyBindings.ini" 94
"../../../../../../Users/Elijah Posey/Documents/GitHub/Flashback_And_Reload/Flashback_And_Reload/Saved/Config/CleanSourceConfigs/EditorKeyBindings.ini" 95
"../../../Engine/Config/BaseCompat.ini" 96
"C:/Users/Elijah Posey/Documents/GitHub/Flashback_And_Reload/Flashback_And_Reload/Saved/Config/Windows/Compat.ini" 97
"../../../../../../Users/Elijah Posey/Documents/GitHub/Flashback_And_Reload/Flashback_And_Reload/Saved/Config/CleanSourceConfigs/Compat.ini" 98
"../../../Engine/Config/BaseLightmass.ini" 99
"C:/Users/Elijah Posey/Documents/GitHub/Flashback_And_Reload/Flashback_And_Reload/Saved/Config/Windows/Lightmass.ini" 100
"../../../../../../Users/Elijah Posey/Documents/GitHub/Flashback_And_Reload/Flashback_And_Reload/Saved/Config/CleanSourceConfigs/Lightmass.ini" 101
"../../../Engine/Config/BaseScalability.ini" 102
"C:/Users/Elijah Posey/Documents/GitHub/Flashback_And_Reload/Flashback_And_Reload/Saved/Config/Windows/Scalability.ini" 103
"../../../../../../Users/Elijah Posey/Documents/GitHub/Flashback_And_Reload/Flashback_And_Reload/Saved/Config/CleanSourceConfigs/Scalability.ini" 104
"C:/Users/Elijah Posey/Documents/GitHub/Flashback_And_Reload/Flashback_And_Reload/Saved/Config/Windows/GameUserSettings.ini" 105
"../../../../../../Users/Elijah Posey/Documents/GitHub/Flashback_And_Reload/Flashback_And_Reload/Saved/Config/CleanSourceConfigs/GameUserSettings.ini" 106
"../../../Engine/Config/BaseDeviceProfiles.ini" 107
"C:/Users/Elijah Posey/Documents/GitHub/Flashback_And_Reload/Flashback_And_Reload/Saved/Config/Windows/DeviceProfiles.ini" 108
"../../../../../../Users/Elijah Posey/Documents/GitHub/Flashback_And_Reload/Flashback_And_Reload/Saved/Config/CleanSourceConfigs/DeviceProfiles.ini" 109
"../../../Engine/Config/ConsoleVariables.ini" 110
"..\..\..\Engine\Content\Internationalization\icudt53l\es.res" 111
"..\..\..\Engine\Content\Internationalization\icudt53l\coll\es.res" 112
"..\..\..\Engine\Content\Internationalization\icudt53l\curr\es.res" 113
"..\..\..\Engine\Content\Internationalization\icudt53l\es_ES.res" 114
"..\..\..\Engine\Content\Internationalization\icudt53l\ja.res" 115
"..\..\..\Engine\Content\Internationalization\icudt53l\coll\ja.res" 116
"..\..\..\Engine\Content\Internationalization\icudt53l\curr\ja.res" 117
"..\..\..\Engine\Content\Internationalization\icudt53l\ja_JP.res" 118
"..\..\..\Engine\Content\Internationalization\icudt53l\ko.res" 119
"..\..\..\Engine\Content\Internationalization\icudt53l\coll\ko.res" 120
"..\..\..\Engine\Content\Internationalization\icudt53l\curr\ko.res" 121
"..\..\..\Engine\Content\Internationalization\icudt53l\ko_KR.res" 122
"..\..\..\Engine\Content\Internationalization\icudt53l\pt_BR.res" 123
"..\..\..\Engine\Content\Internationalization\icudt53l\pt.res" 124
"..\..\..\Engine\Content\Internationalization\icudt53l\coll\pt.res" 125
"..\..\..\Engine\Content\Internationalization\icudt53l\curr\pt.res" 126
"..\..\..\Engine\Content\Internationalization\icudt53l\zh_CN.res" 127
"..\..\..\Engine\Content\Internationalization\icudt53l\zh_Hans_CN.res" 128
"..\..\..\Engine\Content\Internationalization\icudt53l\zh_Hans.res" 129
"..\..\..\Engine\Content\Internationalization\icudt53l\zh.res" 130
"..\..\..\Engine\Content\Internationalization\icudt53l\coll\zh_CN.res" 131
"..\..\..\Engine\Content\Internationalization\icudt53l\coll\zh_Hans_CN.res" 132
"..\..\..\Engine\Content\Internationalization\icudt53l\coll\zh_Hans.res" 133
"..\..\..\Engine\Content\Internationalization\icudt53l\coll\zh.res" 134
"..\..\..\Engine\Content\Internationalization\icudt53l\curr\zh_CN.res" 135
"..\..\..\Engine\Content\Internationalization\icudt53l\curr\zh_Hans_CN.res" 136
"..\..\..\Engine\Content\Internationalization\icudt53l\curr\zh_Hans.res" 137
"..\..\..\Engine\Content\Internationalization\icudt53l\curr\zh.res" 138
"C:/Program Files/Unreal Engine/4.6/Engine/Content/Localization/Editor/en/Editor.locres" 139
"C:/Program Files/Unreal Engine/4.6/Engine/Content/Localization/EditorTutorials/en/EditorTutorials.locres" 140
"C:/Program Files/Unreal Engine/4.6/Engine/Content/Localization/Engine/en/Engine.locres" 141
"../../../Engine/Content/Slate/Fonts/Roboto-Regular.ttf" 142
"../../../Engine/Content/Slate/Fonts/Roboto-Bold.ttf" 143
"../../../Engine/Content/Slate/Fonts/Roboto-Light.ttf" 144
"../../../Engine/Content/Slate/Fonts/DroidSansMono.ttf" 145
"C:/Program Files/Unreal Engine/4.6/Engine/Binaries/Win64/../../../Engine/Shaders/ParticleSpriteVertexFactory.usf" 146
"C:/Program Files/Unreal Engine/4.6/Engine/Binaries/Win64/../../../Engine/Shaders/VertexFactoryCommon.usf" 147
"C:/Program Files/Unreal Engine/4.6/Engine/Binaries/Win64/../../../Engine/Shaders/Common.usf" 148
"C:/Program Files/Unreal Engine/4.6/Engine/Binaries/Win64/../../../Engine/Shaders/ShaderVersion.usf" 149
"C:/Program Files/Unreal Engine/4.6/Engine/Binaries/Win64/../../../Engine/Shaders/Definitions.usf" 150
"C:/Program Files/Unreal Engine/4.6/Engine/Binaries/Win64/../../../Engine/Shaders/Random.usf" 151
"C:/Program Files/Unreal Engine/4.6/Engine/Binaries/Win64/../../../Engine/Shaders/ParticleVertexFactoryCommon.usf" 152
"C:/Program Files/Unreal Engine/4.6/Engine/Binaries/Win64/../../../Engine/Shaders/ParticleGPUSpriteVertexFactory.usf" 153
"C:/Program Files/Unreal Engine/4.6/Engine/Binaries/Win64/../../../Engine/Shaders/ParticleBeamTrailVertexFactory.usf" 154
"C:/Program Files/Unreal Engine/4.6/Engine/Binaries/Win64/../../../Engine/Shaders/VectorFieldVisualizationVertexFactory.usf" 155
"C:/Program Files/Unreal Engine/4.6/Engine/Binaries/Win64/../../../Engine/Shaders/LocalVertexFactory.usf" 156
"C:/Program Files/Unreal Engine/4.6/Engine/Binaries/Win64/../../../Engine/Shaders/LocalVertexFactoryCommon.usf" 157
"C:/Program Files/Unreal Engine/4.6/Engine/Binaries/Win64/../../../Engine/Shaders/MeshParticleVertexFactory.usf" 158
"C:/Program Files/Unreal Engine/4.6/Engine/Binaries/Win64/../../../Engine/Shaders/GpuSkinVertexFactory.usf" 159
"C:/Program Files/Unreal Engine/4.6/Engine/Binaries/Win64/../../../Engine/Shaders/GpuSkinCacheCommon.usf" 160
"C:/Program Files/Unreal Engine/4.6/Engine/Binaries/Win64/../../../Engine/Shaders/LandscapeVertexFactory.usf" 161
"C:/Program Files/Unreal Engine/4.6/Engine/Binaries/Win64/../../../Engine/Shaders/SlateElementPixelShader.usf" 162
"C:/Program Files/Unreal Engine/4.6/Engine/Binaries/Win64/../../../Engine/Shaders/MaterialTemplate.usf" 163
"C:/Program Files/Unreal Engine/4.6/Engine/Binaries/Win64/../../../Engine/Shaders/DepthOfFieldCommon.usf" 164
"C:/Program Files/Unreal Engine/4.6/Engine/Binaries/Win64/../../../Engine/Shaders/SpeedTreeCommon.usf" 165
"C:/Program Files/Unreal Engine/4.6/Engine/Binaries/Win64/../../../Engine/Shaders/AtmosphereCommon.usf" 166
"C:/Program Files/Unreal Engine/4.6/Engine/Binaries/Win64/../../../Engine/Shaders/PostProcessCommon.usf" 167
"C:/Program Files/Unreal Engine/4.6/Engine/Binaries/Win64/../../../Engine/Shaders/DeferredShadingCommon.usf" 168
"C:/Program Files/Unreal Engine/4.6/Engine/Binaries/Win64/../../../Engine/Shaders/LightAccumulator.usf" 169
"C:/Program Files/Unreal Engine/4.6/Engine/Binaries/Win64/../../../Engine/Shaders/SlateVertexShader.usf" 170
"C:/Program Files/Unreal Engine/4.6/Engine/Binaries/Win64/../../../Engine/Shaders/OneColorShader.usf" 171
"C:/Program Files/Unreal Engine/4.6/Engine/Binaries/Win64/../../../Engine/Shaders/ResolveVertexShader.usf" 172
"C:/Program Files/Unreal Engine/4.6/Engine/Binaries/Win64/../../../Engine/Shaders/ResolvePixelShader.usf" 173
"C:/Program Files/Unreal Engine/4.6/Engine/Binaries/Win64/../../../Engine/Shaders/VisualizeTexture.usf" 174
"C:/Program Files/Unreal Engine/4.6/Engine/Binaries/Win64/../../../Engine/Shaders/ScreenSpaceReflections.usf" 175
"C:/Program Files/Unreal Engine/4.6/Engine/Binaries/Win64/../../../Engine/Shaders/BRDF.usf" 176
"C:/Program Files/Unreal Engine/4.6/Engine/Binaries/Win64/../../../Engine/Shaders/MonteCarlo.usf" 177
"C:/Program Files/Unreal Engine/4.6/Engine/Binaries/Win64/../../../Engine/Shaders/FilterVertexShader.usf" 178
"C:/Program Files/Unreal Engine/4.6/Engine/Binaries/Win64/../../../Engine/Shaders/FilterPixelShader.usf" 179
"C:/Program Files/Unreal Engine/4.6/Engine/Binaries/Win64/../../../Engine/Shaders/PostProcessVisualizeHDR.usf" 180
"C:/Program Files/Unreal Engine/4.6/Engine/Binaries/Win64/../../../Engine/Shaders/PostProcessHistogramCommon.usf" 181
"C:/Program Files/Unreal Engine/4.6/Engine/Binaries/Win64/../../../Engine/Shaders/TonemapCommon.usf" 182
"C:/Program Files/Unreal Engine/4.6/Engine/Binaries/Win64/../../../Engine/Shaders/MiniFontCommon.usf" 183
"C:/Program Files/Unreal Engine/4.6/Engine/Binaries/Win64/../../../Engine/Shaders/PostProcessVisualizeBuffer.usf" 184
"C:/Program Files/Unreal Engine/4.6/Engine/Binaries/Win64/../../../Engine/Shaders/PostProcessUpscale.usf" 185
"C:/Program Files/Unreal Engine/4.6/Engine/Binaries/Win64/../../../Engine/Shaders/PostProcessTonemap.usf" 186
"C:/Program Files/Unreal Engine/4.6/Engine/Binaries/Win64/../../../Engine/Shaders/PostProcessTestImage.usf" 187
"C:/Program Files/Unreal Engine/4.6/Engine/Binaries/Win64/../../../Engine/Shaders/PostProcessTemporalAA.usf" 188
"C:/Program Files/Unreal Engine/4.6/Engine/Binaries/Win64/../../../Engine/Shaders/PostProcessTemporalCommon.usf" 189
"C:/Program Files/Unreal Engine/4.6/Engine/Binaries/Win64/../../../Engine/Shaders/PostProcessSubsurface.usf" 190
"C:/Program Files/Unreal Engine/4.6/Engine/Binaries/Win64/../../../Engine/Shaders/SeparableSSS.usf" 191
"C:/Program Files/Unreal Engine/4.6/Engine/Binaries/Win64/../../../Engine/Shaders/PostProcessSelectionOutline.usf" 192
"C:/Program Files/Unreal Engine/4.6/Engine/Binaries/Win64/../../../Engine/Shaders/PostProcessSceneColorFringe.usf" 193
"C:/Program Files/Unreal Engine/4.6/Engine/Binaries/Win64/../../../Engine/Shaders/PostProcessNoiseBlur.usf" 194
"C:/Program Files/Unreal Engine/4.6/Engine/Binaries/Win64/../../../Engine/Shaders/PostProcessMotionBlur.usf" 195
"C:/Program Files/Unreal Engine/4.6/Engine/Binaries/Win64/../../../Engine/Shaders/MorpheusInclude.usf" 196
"C:/Program Files/Unreal Engine/4.6/Engine/Binaries/Win64/../../../Engine/Shaders/PostProcessMobile.usf" 197
"C:/Program Files/Unreal Engine/4.6/Engine/Binaries/Win64/../../../Engine/Shaders/PostProcessMaterialShaders.usf" 198
"C:/Program Files/Unreal Engine/4.6/Engine/Binaries/Win64/../../../Engine/Shaders/PostProcessLensFlares.usf" 199
"C:/Program Files/Unreal Engine/4.6/Engine/Binaries/Win64/../../../Engine/Shaders/PostProcessLensBlur.usf" 200
"C:/Program Files/Unreal Engine/4.6/Engine/Binaries/Win64/../../../Engine/Shaders/PostProcessBloom.usf" 201
"C:/Program Files/Unreal Engine/4.6/Engine/Binaries/Win64/../../../Engine/Shaders/PostProcessHMD.usf" 202
"C:/Program Files/Unreal Engine/4.6/Engine/Binaries/Win64/../../../Engine/Shaders/PostProcessHistogramReduce.usf" 203
"C:/Program Files/Unreal Engine/4.6/Engine/Binaries/Win64/../../../Engine/Shaders/PostProcessHistogram.usf" 204
"C:/Program Files/Unreal Engine/4.6/Engine/Binaries/Win64/../../../Engine/Shaders/PostProcessGBufferHints.usf" 205
"C:/Program Files/Unreal Engine/4.6/Engine/Binaries/Win64/../../../Engine/Shaders/PostProcessEyeAdaptation.usf" 206
"C:/Program Files/Unreal Engine/4.6/Engine/Binaries/Win64/../../../Engine/Shaders/PostProcessDownsample.usf" 207
"C:/Program Files/Unreal Engine/4.6/Engine/Binaries/Win64/../../../Engine/Shaders/PostProcessDOF.usf" 208
"C:/Program Files/Unreal Engine/4.6/Engine/Binaries/Win64/../../../Engine/Shaders/PostProcessCompositeEditorPrimitives.usf" 209
"C:/Program Files/Unreal Engine/4.6/Engine/Binaries/Win64/../../../Engine/Shaders/PostProcessCombineLUTs.usf" 210
"C:/Program Files/Unreal Engine/4.6/Engine/Binaries/Win64/../../../Engine/Shaders/PostProcessBusyWait.usf" 211
"C:/Program Files/Unreal Engine/4.6/Engine/Binaries/Win64/../../../Engine/Shaders/PostProcessBokehDOF.usf" 212
"C:/Program Files/Unreal Engine/4.6/Engine/Binaries/Win64/../../../Engine/Shaders/FXAAShader.usf" 213
"C:/Program Files/Unreal Engine/4.6/Engine/Binaries/Win64/../../../Engine/Shaders/Fxaa3_11.usf" 214
"C:/Program Files/Unreal Engine/4.6/Engine/Binaries/Win64/../../../Engine/Shaders/PostProcessPassThrough.usf" 215
"C:/Program Files/Unreal Engine/4.6/Engine/Binaries/Win64/../../../Engine/Shaders/PostProcessLpvIndirect.usf" 216
"C:/Program Files/Unreal Engine/4.6/Engine/Binaries/Win64/../../../Engine/Shaders/DeferredLightingCommon.usf" 217
"C:/Program Files/Unreal Engine/4.6/Engine/Binaries/Win64/../../../Engine/Shaders/DynamicLightingCommon.usf" 218
"C:/Program Files/Unreal Engine/4.6/Engine/Binaries/Win64/../../../Engine/Shaders/IESLightProfilesCommon.usf" 219
"C:/Program Files/Unreal Engine/4.6/Engine/Binaries/Win64/../../../Engine/Shaders/LPVFinalPass.usf" 220
"C:/Program Files/Unreal Engine/4.6/Engine/Binaries/Win64/../../../Engine/Shaders/LPVCommon.usf" 221
"C:/Program Files/Unreal Engine/4.6/Engine/Binaries/Win64/../../../Engine/Shaders/DeferredDecal.usf" 222
"C:/Program Files/Unreal Engine/4.6/Engine/Binaries/Win64/../../../Engine/Shaders/PostProcessAmbientOcclusion.usf" 223
"C:/Program Files/Unreal Engine/4.6/Engine/Binaries/Win64/../../../Engine/Shaders/PostProcessAmbient.usf" 224
"C:/Program Files/Unreal Engine/4.6/Engine/Binaries/Win64/../../../Engine/Shaders/CubemapCommon.usf" 225
"C:/Program Files/Unreal Engine/4.6/Engine/Binaries/Win64/../../../Engine/Shaders/VelocityShader.usf" 226
"C:/Program Files/Unreal Engine/4.6/Engine/Binaries/Win64/../../../Engine/Shaders/Tessellation.usf" 227
"C:/Program Files/Unreal Engine/4.6/Engine/Binaries/Win64/../../../Engine/Shaders/FlatTessellation.usf" 228
"C:/Program Files/Unreal Engine/4.6/Engine/Binaries/Win64/../../../Engine/Shaders/PNTriangles.usf" 229
"C:/Program Files/Unreal Engine/4.6/Engine/Binaries/Win64/../../../Engine/Shaders/TranslucentLightingShaders.usf" 230
"C:/Program Files/Unreal Engine/4.6/Engine/Binaries/Win64/../../../Engine/Shaders/SHCommon.usf" 231
"C:/Program Files/Unreal Engine/4.6/Engine/Binaries/Win64/../../../Engine/Shaders/ShadowProjectionCommon.usf" 232
"C:/Program Files/Unreal Engine/4.6/Engine/Binaries/Win64/../../../Engine/Shaders/TranslucentLightInjectionShaders.usf" 233
"C:/Program Files/Unreal Engine/4.6/Engine/Binaries/Win64/../../../Engine/Shaders/LightFunctionCommon.usf" 234
"C:/Program Files/Unreal Engine/4.6/Engine/Binaries/Win64/../../../Engine/Shaders/TranslucentShadowDepthShaders.usf" 235
"C:/Program Files/Unreal Engine/4.6/Engine/Binaries/Win64/../../../Engine/Shaders/ShadowDepthCommon.usf" 236
"C:/Program Files/Unreal Engine/4.6/Engine/Binaries/Win64/../../../Engine/Shaders/TiledDeferredLightShaders.usf" 237
"C:/Program Files/Unreal Engine/4.6/Engine/Binaries/Win64/../../../Engine/Shaders/ShadowProjectionPixelShader.usf" 238
"C:/Program Files/Unreal Engine/4.6/Engine/Binaries/Win64/../../../Engine/Shaders/ShadowFilteringCommon.usf" 239
"C:/Program Files/Unreal Engine/4.6/Engine/Binaries/Win64/../../../Engine/Shaders/ShadowProjectionVertexShader.usf" 240
"C:/Program Files/Unreal Engine/4.6/Engine/Binaries/Win64/../../../Engine/Shaders/ShadowDepthPixelShader.usf" 241
"C:/Program Files/Unreal Engine/4.6/Engine/Binaries/Win64/../../../Engine/Shaders/LPVWriteVplCommon.usf" 242
"C:/Program Files/Unreal Engine/4.6/Engine/Binaries/Win64/../../../Engine/Shaders/LPVWriteCommon.usf" 243
"C:/Program Files/Unreal Engine/4.6/Engine/Binaries/Win64/../../../Engine/Shaders/ShadowDepthVertexShader.usf" 244
"C:/Program Files/Unreal Engine/4.6/Engine/Binaries/Win64/../../../Engine/Shaders/ShaderComplexityApplyPixelShader.usf" 245
"C:/Program Files/Unreal Engine/4.6/Engine/Binaries/Win64/../../../Engine/Shaders/ShaderComplexityApplyVertexShader.usf" 246
"C:/Program Files/Unreal Engine/4.6/Engine/Binaries/Win64/../../../Engine/Shaders/ShaderComplexityAccumulatePixelShader.usf" 247
"C:/Program Files/Unreal Engine/4.6/Engine/Binaries/Win64/../../../Engine/Shaders/HZBOcclusion.usf" 248
"C:/Program Files/Unreal Engine/4.6/Engine/Binaries/Win64/../../../Engine/Shaders/OcclusionQueryVertexShader.usf" 249
"C:/Program Files/Unreal Engine/4.6/Engine/Binaries/Win64/../../../Engine/Shaders/HitProxyPixelShader.usf" 250
"C:/Program Files/Unreal Engine/4.6/Engine/Binaries/Win64/../../../Engine/Shaders/HitProxyVertexShader.usf" 251
"C:/Program Files/Unreal Engine/4.6/Engine/Binaries/Win64/../../../Engine/Shaders/ReflectionEnvironmentShaders.usf" 252
"C:/Program Files/Unreal Engine/4.6/Engine/Binaries/Win64/../../../Engine/Shaders/ReflectionEnvironmentShared.usf" 253
"C:/Program Files/Unreal Engine/4.6/Engine/Binaries/Win64/../../../Engine/Shaders/SkyLightingShared.usf" 254
"C:/Program Files/Unreal Engine/4.6/Engine/Binaries/Win64/../../../Engine/Shaders/ReflectionEnvironmentComputeShaders.usf" 255
"C:/Program Files/Unreal Engine/4.6/Engine/Binaries/Win64/../../../Engine/Shaders/LightShaftShader.usf" 256
"C:/Program Files/Unreal Engine/4.6/Engine/Binaries/Win64/../../../Engine/Shaders/StationaryLightOverlapShaders.usf" 257
"C:/Program Files/Unreal Engine/4.6/Engine/Binaries/Win64/../../../Engine/Shaders/DeferredLightPixelShaders.usf" 258
"C:/Program Files/Unreal Engine/4.6/Engine/Binaries/Win64/../../../Engine/Shaders/DeferredLightVertexShaders.usf" 259
"C:/Program Files/Unreal Engine/4.6/Engine/Binaries/Win64/../../../Engine/Shaders/LPVVisualise.usf" 260
"C:/Program Files/Unreal Engine/4.6/Engine/Binaries/Win64/../../../Engine/Shaders/LPVGeometryVolumeCommon.usf" 261
"C:/Program Files/Unreal Engine/4.6/Engine/Binaries/Win64/../../../Engine/Shaders/LPVDirectLightInject.usf" 262
"C:/Program Files/Unreal Engine/4.6/Engine/Binaries/Win64/../../../Engine/Shaders/LPVPropagate.usf" 263
"C:/Program Files/Unreal Engine/4.6/Engine/Binaries/Win64/../../../Engine/Shaders/LPVBuildGeometryVolume.usf" 264
"C:/Program Files/Unreal Engine/4.6/Engine/Binaries/Win64/../../../Engine/Shaders/LPVInject_AccumulateVplLists.usf" 265
"C:/Program Files/Unreal Engine/4.6/Engine/Binaries/Win64/../../../Engine/Shaders/LPVInject_GenerateVplLists.usf" 266
"C:/Program Files/Unreal Engine/4.6/Engine/Binaries/Win64/../../../Engine/Shaders/LPVClearLists.usf" 267
"C:/Program Files/Unreal Engine/4.6/Engine/Binaries/Win64/../../../Engine/Shaders/LPVClear.usf" 268
"C:/Program Files/Unreal Engine/4.6/Engine/Binaries/Win64/../../../Engine/Shaders/LightMapDensityShader.usf" 269
"C:/Program Files/Unreal Engine/4.6/Engine/Binaries/Win64/../../../Engine/Shaders/LightFunctionPixelShader.usf" 270
"C:/Program Files/Unreal Engine/4.6/Engine/Binaries/Win64/../../../Engine/Shaders/LightFunctionVertexShader.usf" 271
"C:/Program Files/Unreal Engine/4.6/Engine/Binaries/Win64/../../../Engine/Shaders/HdrCustomResolveShaders.usf" 272
"C:/Program Files/Unreal Engine/4.6/Engine/Binaries/Win64/../../../Engine/Shaders/GPUBenchmark.usf" 273
"C:/Program Files/Unreal Engine/4.6/Engine/Binaries/Win64/../../../Engine/Shaders/GammaCorrection.usf" 274
"C:/Program Files/Unreal Engine/4.6/Engine/Binaries/Win64/../../../Engine/Shaders/BasePassForForwardShadingPixelShader.usf" 275
"C:/Program Files/Unreal Engine/4.6/Engine/Binaries/Win64/../../../Engine/Shaders/BasePassForForwardShadingCommon.usf" 276
"C:/Program Files/Unreal Engine/4.6/Engine/Binaries/Win64/../../../Engine/Shaders/LightmapCommon.usf" 277
"C:/Program Files/Unreal Engine/4.6/Engine/Binaries/Win64/../../../Engine/Shaders/BasePassForForwardShadingVertexShader.usf" 278
"C:/Program Files/Unreal Engine/4.6/Engine/Binaries/Win64/../../../Engine/Shaders/HeightFogCommon.usf" 279
"C:/Program Files/Unreal Engine/4.6/Engine/Binaries/Win64/../../../Engine/Shaders/HeightFogPixelShader.usf" 280
"C:/Program Files/Unreal Engine/4.6/Engine/Binaries/Win64/../../../Engine/Shaders/HeightFogVertexShader.usf" 281
"C:/Program Files/Unreal Engine/4.6/Engine/Binaries/Win64/../../../Engine/Shaders/DistortAccumulatePS.usf" 282
"C:/Program Files/Unreal Engine/4.6/Engine/Binaries/Win64/../../../Engine/Shaders/DistortAccumulateVS.usf" 283
"C:/Program Files/Unreal Engine/4.6/Engine/Binaries/Win64/../../../Engine/Shaders/DistortApplyScreenPS.usf" 284
"C:/Program Files/Unreal Engine/4.6/Engine/Binaries/Win64/../../../Engine/Shaders/SkyLighting.usf" 285
"C:/Program Files/Unreal Engine/4.6/Engine/Binaries/Win64/../../../Engine/Shaders/DistanceFieldSurfaceCacheLighting.usf" 286
"C:/Program Files/Unreal Engine/4.6/Engine/Binaries/Win64/../../../Engine/Shaders/DistanceFieldLightingShared.usf" 287
"C:/Program Files/Unreal Engine/4.6/Engine/Binaries/Win64/../../../Engine/Shaders/DistanceFieldAOShared.usf" 288
"C:/Program Files/Unreal Engine/4.6/Engine/Binaries/Win64/../../../Engine/Shaders/DistanceFieldSurfaceCacheLightingCompute.usf" 289
"C:/Program Files/Unreal Engine/4.6/Engine/Binaries/Win64/../../../Engine/Shaders/DistanceFieldShadowing.usf" 290
"C:/Program Files/Unreal Engine/4.6/Engine/Binaries/Win64/../../../Engine/Shaders/DepthOnlyPixelShader.usf" 291
"C:/Program Files/Unreal Engine/4.6/Engine/Binaries/Win64/../../../Engine/Shaders/DepthOnlyVertexShader.usf" 292
"C:/Program Files/Unreal Engine/4.6/Engine/Binaries/Win64/../../../Engine/Shaders/PositionOnlyDepthVertexShader.usf" 293
"C:/Program Files/Unreal Engine/4.6/Engine/Binaries/Win64/../../../Engine/Shaders/DownsampleDepthPixelShader.usf" 294
"C:/Program Files/Unreal Engine/4.6/Engine/Binaries/Win64/../../../Engine/Shaders/BasePassPixelShader.usf" 295
"C:/Program Files/Unreal Engine/4.6/Engine/Binaries/Win64/../../../Engine/Shaders/BasePassCommon.usf" 296
"C:/Program Files/Unreal Engine/4.6/Engine/Binaries/Win64/../../../Engine/Shaders/BasePassVertexShader.usf" 297
"C:/Program Files/Unreal Engine/4.6/Engine/Binaries/Win64/../../../Engine/Shaders/BasePassVertexCommon.usf" 298
"C:/Program Files/Unreal Engine/4.6/Engine/Binaries/Win64/../../../Engine/Shaders/BasePassTessellationShaders.usf" 299
"C:/Program Files/Unreal Engine/4.6/Engine/Binaries/Win64/../../../Engine/Shaders/AtmospherePrecompute.usf" 300
"C:/Program Files/Unreal Engine/4.6/Engine/Binaries/Win64/../../../Engine/Shaders/AtmospherePrecomputeCommon.usf" 301
"C:/Program Files/Unreal Engine/4.6/Engine/Binaries/Win64/../../../Engine/Shaders/AtmospherePrecomputeInscatter.usf" 302
"C:/Program Files/Unreal Engine/4.6/Engine/Binaries/Win64/../../../Engine/Shaders/AtmosphericFogShader.usf" 303
"C:/Program Files/Unreal Engine/4.6/Engine/Binaries/Win64/../../../Engine/Shaders/ParticleSortKeyGen.usf" 304
"C:/Program Files/Unreal Engine/4.6/Engine/Binaries/Win64/../../../Engine/Shaders/ParticleBoundsShader.usf" 305
"C:/Program Files/Unreal Engine/4.6/Engine/Binaries/Win64/../../../Engine/Shaders/ParticleSimVisualizeShader.usf" 306
"C:/Program Files/Unreal Engine/4.6/Engine/Binaries/Win64/../../../Engine/Shaders/ParticleInjectionShader.usf" 307
"C:/Program Files/Unreal Engine/4.6/Engine/Binaries/Win64/../../../Engine/Shaders/ParticleSimulationShader.usf" 308
"C:/Program Files/Unreal Engine/4.6/Engine/Binaries/Win64/../../../Engine/Shaders/ParticleCurveInjectionShader.usf" 309
"C:/Program Files/Unreal Engine/4.6/Engine/Binaries/Win64/../../../Engine/Shaders/VectorFieldCompositeShaders.usf" 310
"C:/Program Files/Unreal Engine/4.6/Engine/Binaries/Win64/../../../Engine/Shaders/UpdateTextureShaders.usf" 311
"C:/Program Files/Unreal Engine/4.6/Engine/Binaries/Win64/../../../Engine/Shaders/SimpleElementColorChannelMaskPixelShader.usf" 312
"C:/Program Files/Unreal Engine/4.6/Engine/Binaries/Win64/../../../Engine/Shaders/SimpleElementHitProxyPixelShader.usf" 313
"C:/Program Files/Unreal Engine/4.6/Engine/Binaries/Win64/../../../Engine/Shaders/SimpleElementPixelShader.usf" 314
"C:/Program Files/Unreal Engine/4.6/Engine/Binaries/Win64/../../../Engine/Shaders/ColorUtils.usf" 315
"C:/Program Files/Unreal Engine/4.6/Engine/Binaries/Win64/../../../Engine/Shaders/SimpleElementVertexShader.usf" 316
"C:/Program Files/Unreal Engine/4.6/Engine/Binaries/Win64/../../../Engine/Shaders/ScreenVertexShader.usf" 317
"C:/Program Files/Unreal Engine/4.6/Engine/Binaries/Win64/../../../Engine/Shaders/ScreenPixelShader.usf" 318
"C:/Program Files/Unreal Engine/4.6/Engine/Binaries/Win64/../../../Engine/Shaders/RadixSortShaders.usf" 319
"C:/Program Files/Unreal Engine/4.6/Engine/Binaries/Win64/../../../Engine/Shaders/GpuSkinCacheComputeShader.usf" 320
"C:/Program Files/Unreal Engine/4.6/Engine/Binaries/Win64/../../../Engine/Shaders/NullPixelShader.usf" 321
"C:/Program Files/Unreal Engine/4.6/Engine/Binaries/Win64/../../../Engine/Shaders/ClearReplacementShaders.usf" 322
"C:/Program Files/Unreal Engine/4.6/Engine/Binaries/Win64/../../../Engine/Shaders/SimpleElementTexture2DPreviewPixelShader.usf" 323
"C:/Program Files/Unreal Engine/4.6/Engine/Binaries/Win64/../../../Engine/Shaders/SimpleElementNormalMapPixelShader.usf" 324
"C:/Program Files/Unreal Engine/4.6/Engine/Binaries/Win64/../../../Engine/Shaders/meshpaintdilatepixelshader.usf" 325
"C:/Program Files/Unreal Engine/4.6/Engine/Binaries/Win64/../../../Engine/Shaders/meshpaintdilatevertexshader.usf" 326
"C:/Program Files/Unreal Engine/4.6/Engine/Binaries/Win64/../../../Engine/Shaders/MeshPaintPixelShader.usf" 327
"C:/Program Files/Unreal Engine/4.6/Engine/Binaries/Win64/../../../Engine/Shaders/MeshPaintVertexShader.usf" 328
"../../../Engine/Config/Android/AndroidEngine.ini" 329
"../../../Engine/Config/IOS/IOSEngine.ini" 330
"../../../Engine/Config/Linux/LinuxEngine.ini" 331
"C:/Users/Elijah Posey/AppData/Local/UnrealEngine/4.6/DerivedDataCache/Boot.ddc" 332
"../../../Engine/DerivedDataCache/DDC.ddp" 333
"../../../Engine/Content/EditorResources/S_Actor.uasset" 334
"../../../Engine/Content/EditorLandscapeResources/DataLayer.uasset" 335
"../../../Engine/Content/Maps/Templates/Thumbnails/Default.uasset" 336
"../../../Engine/Content/EditorMaterials/ParticleSystems/PSysThumbnail_NoImage.uasset" 337
"../../../Engine/Content/EditorMaterials/ParticleSystems/PSysThumbnail_OOD.uasset" 338
"../../../Engine/Content/EngineDamageTypes/DmgTypeBP_Environmental.uasset" 339
"../../../Engine/Content/EngineMeshes/Sphere.uasset" 340
"../../../Engine/Content/EngineFonts/RobotoDistanceField.uasset" 341
"../../../Engine/Content/EngineMaterials/DefaultTextMaterialOpaque.uasset" 342
"../../../Engine/Content/Functions/Engine_MaterialFunctions01/Shading/PowerToRoughness.uasset" 343
"../../../Engine/Content/Functions/Engine_MaterialFunctions01/Shading/ConvertFromDiffSpec.uasset" 344
"../../../Engine/Content/EngineMaterials/WorldGridMaterial.uasset" 345
"../../../Engine/Content/Functions/Engine_MaterialFunctions01/Opacity/CameraDepthFade.uasset" 346
"../../../Engine/Content/EngineMaterials/T_Default_Material_Grid_M.uasset" 347
"../../../Engine/Content/EngineMaterials/T_Default_Material_Grid_N.uasset" 348
"../../../Engine/Content/EngineMaterials/DefaultDeferredDecalMaterial.uasset" 349
"../../../Engine/Content/EngineMaterials/DefaultDiffuse.uasset" 350
"../../../Engine/Content/EngineMaterials/DefaultLightFunctionMaterial.uasset" 351
"../../../Engine/Content/EngineMaterials/DefaultPostProcessMaterial.uasset" 352
"../../../Engine/Content/Functions/Engine_MaterialFunctions02/Utility/BreakOutFloat2Components.uasset" 353
"../../../Engine/Content/EditorResources/S_Trigger.uasset" 354
"../../../Engine/Content/EngineResources/WhiteSquareTexture.uasset" 355
"../../../Engine/Content/EngineResources/GradientTexture0.uasset" 356
"../../../Engine/Content/EngineResources/Black.uasset" 357
"../../../Engine/Content/EditorMaterials/MatineeGroups/MAT_Groups_Float.uasset" 358
"../../../Engine/Content/EditorMaterials/MatineeGroups/MAT_Groups_Director.uasset" 359
"../../../Engine/Content/EditorMaterials/MatineeGroups/MAT_Groups_Event.uasset" 360
"../../../Engine/Content/EditorMaterials/MatineeGroups/MAT_Groups_Anim.uasset" 361
"../../../Engine/Content/EditorMaterials/MatineeGroups/MAT_Groups_Fade.uasset" 362
"../../../Engine/Content/EditorMaterials/MatineeGroups/MAT_Groups_Move.uasset" 363
"../../../Engine/Content/EditorMaterials/MatineeGroups/MAT_Groups_Slomo.uasset" 364
"../../../Engine/Content/EditorMaterials/MatineeGroups/MAT_ColorTrack.uasset" 365
"../../../Engine/Content/EditorMaterials/MAT_Groups_Toggle.uasset" 366
"../../../Engine/Content/EditorMaterials/MatineeGroups/MAT_Groups_AudioMaster.uasset" 367
"../../../Engine/Content/EditorMaterials/MatineeGroups/MAT_Groups_Sound.uasset" 368
"../../../Engine/Content/EditorMaterials/MatineeGroups/MAT_Groups_Vector.uasset" 369
"../../../Engine/Content/EditorMaterials/MAT_Groups_Visibility.uasset" 370
"../../../Engine/Content/EngineResources/DefaultTexture.uasset" 371
"../../../Engine/Content/EngineResources/DefaultTextureCube.uasset" 372
"../../../Engine/Content/EngineSounds/Master.uasset" 373
"../../../Engine/Content/EngineSounds/Music.uasset" 374
"../../../Engine/Content/EngineSounds/SFX.uasset" 375
"../../../Engine/Content/EngineSounds/Normal_Attack.uasset" 376
"../../../Engine/Content/EngineSounds/Special_Attack_PSM.uasset" 377
"../../../Engine/Content/EngineSounds/Duck_Normal_Attack_MixMod.uasset" 378
"../../../Engine/Content/EngineSounds/Voice.uasset" 379
"../../../Engine/Content/EngineMeshes/Cylinder.uasset" 380
"../../../Engine/Content/EngineMaterials/DefaultMaterial.uasset" 381
"../../../Engine/Content/EngineTireTypes/DefaultTireType.uasset" 382
"../../../Engine/Content/Editor/Slate/Fonts/DroidSansMono.ttf" 383
"../../../Engine/Content/Editor/Slate/Fonts/Roboto-BoldCondensed.ttf" 384
"../../../Engine/Content/Editor/Slate/Fonts/Roboto-Black.ttf" 385
"../../../Engine/Content/Editor/Slate/Fonts/Roboto-BoldCondensedItalic.ttf" 386
"../../../Engine/Content/Editor/Slate/Fonts/Roboto-Italic.ttf" 387
"../../../Engine/Content/EngineFonts/Roboto.uasset" 388
"../../../Engine/Content/EngineMaterials/Widget3DPassThrough_Translucent.uasset" 389
"../../../Engine/Content/EngineMaterials/Widget3DPassThrough.uasset" 390
"../../../Engine/Content/EngineMaterials/Widget3DPassThrough_Translucent_OneSided.uasset" 391
"../../../Engine/Content/EngineMaterials/Widget3DPassThrough_Opaque.uasset" 392
"../../../Engine/Content/EngineMaterials/Widget3DPassThrough_Opaque_OneSided.uasset" 393
"../../../Engine/Plugins/2D/Paper2D/Content/MaskedUnlitSpriteMaterial.uasset" 394
"../../../Engine/Plugins/2D/Paper2D/Content/DefaultSpriteMaterial.uasset" 395
"../../../Engine/Plugins/2D/Paper2D/Content/DummySpriteTexture.uasset" 396
"../../../Engine/Plugins/2D/Paper2D/Content/OpaqueUnlitSpriteMaterial.uasset" 397
"../../../Engine/Plugins/2D/Paper2D/Content/DefaultPaperTerrainMaterial.uasset" 398
"../../../Engine/Plugins/2D/Paper2D/Content/DummySprite.uasset" 399
"C:/Users/Elijah Posey/AppData/Local/UnrealEngine/4.6/Saved/Config/Windows/SourceControlSettings.ini" 400
"../../../../../../Users/Elijah Posey/Documents/GitHub/Flashback_And_Reload/Flashback_And_Reload/Saved/Config/CleanSourceConfigs/SourceControlSettings.ini" 401
"C:/Users/Elijah Posey/Documents/GitHub/Flashback_And_Reload/Flashback_And_Reload/Saved/Config/Windows/SourceControlSettings.ini" 402
"../../../Engine/Content/EngineMaterials/RemoveSurfaceMaterial.uasset" 403
"../../../Engine/Content/EngineDebugMaterials/DebugMeshMaterial.uasset" 404
"../../../Engine/Content/EngineMaterials/M_InvalidLightmapSettings.uasset" 405
"../../../Engine/Content/EngineMaterials/InvalidLightmapSettings.uasset" 406
"../../../Engine/Content/EditorMaterials/GizmoMaterial.uasset" 407
"../../../Engine/Content/EngineMaterials/Good64x64TilingNoiseHighFreq.uasset" 408
"../../../Engine/Content/EngineMaterials/DefaultBokeh.uasset" 409
"../../../Engine/Content/EngineMaterials/PreintegratedSkinBRDF.uasset" 410
"../../../Engine/Content/EngineMaterials/MiniFont.uasset" 411
"../../../Engine/Content/EngineMaterials/WeightMapPlaceholderTexture.uasset" 412
"../../../Engine/Content/EngineMaterials/DefaultWhiteGrid.uasset" 413
"../../../Engine/Content/EngineMaterials/DefaultPhysicalMaterial.uasset" 414
"../../../Engine/Content/EngineFonts/RobotoTiny.uasset" 415
"../../../../../../Users/Elijah Posey/Documents/GitHub/Flashback_And_Reload/Flashback_And_Reload/Intermediate/CachedAssetRegistry.bin" 416
"../../../../../../Users/Elijah Posey/Documents/GitHub/Flashback_And_Reload/Flashback_And_Reload/Content/Flashback_And_Reload/Prototype_Level.umap" 417
"../../../../../../Users/Elijah Posey/Documents/GitHub/Flashback_And_Reload/Flashback_And_Reload/Content/Flashback_And_Reload/Blueprints/Action_Recordin.uasset" 418
"../../../../../../Users/Elijah Posey/Documents/GitHub/Flashback_And_Reload/Flashback_And_Reload/Content/Flashback_And_Reload/Blueprints/BASIC_GM.uasset" 419
"../../../../../../Users/Elijah Posey/Documents/GitHub/Flashback_And_Reload/Flashback_And_Reload/Content/Flashback_And_Reload/Blueprints/Player_Spawn_Manager.uasset" 420
"../../../../../../Users/Elijah Posey/Documents/GitHub/Flashback_And_Reload/Flashback_And_Reload/Content/Flashback_And_Reload/Player/BASIC_CHARACTER.uasset" 421
"../../../Engine/Content/MobileResources/HUD/VirtualJoystick_Thumb.uasset" 422
"../../../Engine/Content/MobileResources/HUD/VirtualJoystick_Background.uasset" 423
"../../../Engine/Content/MobileResources/HUD/T_Castle_ThumbstickOutter.uasset" 424
"../../../Engine/Content/MobileResources/HUD/T_Castle_ThumbstickInner.uasset" 425
"../../../Engine/Content/MobileResources/HUD/MobileHUDDirectionStick.uasset" 426
"../../../Engine/Content/MobileResources/HUD/MobileHUDDirectionPad3.uasset" 427
"../../../Engine/Content/MobileResources/HUD/MobileHUDDirectionPad2.uasset" 428
"../../../Engine/Content/MobileResources/HUD/MobileHUDDirectionPad.uasset" 429
"../../../Engine/Content/MobileResources/HUD/MobileHUDButtonFire.uasset" 430
"../../../Engine/Content/MobileResources/HUD/MobileHUDButton3.uasset" 431
"../../../Engine/Content/MobileResources/HUD/MobileHUDButton2_on.uasset" 432
"../../../Engine/Content/MobileResources/HUD/MobileHUDButton2_off.uasset" 433
"../../../Engine/Content/MobileResources/HUD/MobileHUDButton1_on.uasset" 434
"../../../Engine/Content/MobileResources/HUD/MobileHUDButton1_off.uasset" 435
"../../../Engine/Content/MobileResources/HUD/LeftVirtualJoystickOnly.uasset" 436
"../../../Engine/Content/MobileResources/HUD/DefaultVirtualJoysticks.uasset" 437
"../../../Engine/Content/MobileResources/HUD/AnalogHat.uasset" 438
"../../../Engine/Content/MobileResources/T_MobileMenu2.uasset" 439
"../../../Engine/Content/MobileResources/T_MobileControls_texture.uasset" 440
"../../../Engine/Content/Maps/Entry.umap" 441
"../../../Engine/Content/EngineMaterials/DefaultNormal.uasset" 442
"../../../../../../Users/Elijah Posey/Documents/GitHub/Flashback_And_Reload/Flashback_And_Reload/Content/Flashback_And_Reload/AI/AI_TargetPoint.uasset" 443
"../../../../../../Users/Elijah Posey/Documents/GitHub/Flashback_And_Reload/Flashback_And_Reload/Content/Flashback_And_Reload/Player/Basic_PLAYCON.uasset" 444
"../../../Engine/Content/EditorBlueprintResources/StandardMacros.uasset" 445
"../../../../../../Users/Elijah Posey/Documents/GitHub/Flashback_And_Reload/Flashback_And_Reload/Content/Flashback_And_Reload/Weapons/Weapon_Template.uasset" 446
"../../../../../../Users/Elijah Posey/Documents/GitHub/Flashback_And_Reload/Flashback_And_Reload/Content/Flashback_And_Reload/Weapons/Projectiles/Prototype_Projectile.uasset" 447
"../../../../../../Users/Elijah Posey/Documents/GitHub/Flashback_And_Reload/Flashback_And_Reload/Content/Flashback_And_Reload/Materials/TempProjectileMaterial.uasset" 448
"../../../../../../Users/Elijah Posey/Documents/GitHub/Flashback_And_Reload/Flashback_And_Reload/Content/Flashback_And_Reload/Particles/Hit_Effect.uasset" 449
"../../../../../../Users/Elijah Posey/Documents/GitHub/Flashback_And_Reload/Flashback_And_Reload/Content/StarterContent/Particles/Materials/M_Radial_Gradient.uasset" 450
"../../../Engine/Content/Functions/Engine_MaterialFunctions01/Gradient/RadialGradient.uasset" 451
"../../../../../../Users/Elijah Posey/Documents/GitHub/Flashback_And_Reload/Flashback_And_Reload/Content/StarterContent/Particles/Materials/M_Spark.uasset" 452
"../../../../../../Users/Elijah Posey/Documents/GitHub/Flashback_And_Reload/Flashback_And_Reload/Content/StarterContent/Textures/T_Spark_Core.uasset" 453
"../../../../../../Users/Elijah Posey/Documents/GitHub/Flashback_And_Reload/Flashback_And_Reload/Content/StarterContent/Shapes/Shape_Pipe.uasset" 454
"../../../../../../Users/Elijah Posey/Documents/GitHub/Flashback_And_Reload/Flashback_And_Reload/Content/StarterContent/Materials/M_Basic_Wall.uasset" 455
"../../../../../../Users/Elijah Posey/Documents/GitHub/Flashback_And_Reload/Flashback_And_Reload/Content/Flashback_And_Reload/Audio/Explosion_Cue.uasset" 456
"../../../../../../Users/Elijah Posey/Documents/GitHub/Flashback_And_Reload/Flashback_And_Reload/Content/Flashback_And_Reload/Audio/Explosion01.uasset" 457
"../../../../../../Users/Elijah Posey/Documents/GitHub/Flashback_And_Reload/Flashback_And_Reload/Content/Flashback_And_Reload/Audio/Explosion02.uasset" 458
"../../../../../../Users/Elijah Posey/Documents/GitHub/Flashback_And_Reload/Flashback_And_Reload/Content/Flashback_And_Reload/Blueprints/Action_Recording.uasset" 459
"../../../../../../Users/Elijah Posey/Documents/GitHub/Flashback_And_Reload/Flashback_And_Reload/Content/StarterContent/Materials/M_Tech_Hex_Tile.uasset" 460
"../../../Engine/Content/Functions/Engine_MaterialFunctions02/Utility/BlendAngleCorrectedNormals.uasset" 461
"../../../../../../Users/Elijah Posey/Documents/GitHub/Flashback_And_Reload/Flashback_And_Reload/Content/StarterContent/Textures/T_Tech_Hex_Tile_M.uasset" 462
"../../../../../../Users/Elijah Posey/Documents/GitHub/Flashback_And_Reload/Flashback_And_Reload/Content/StarterContent/Textures/T_Tech_Hex_Tile_N.uasset" 463
"../../../../../../Users/Elijah Posey/Documents/GitHub/Flashback_And_Reload/Flashback_And_Reload/Content/StarterContent/Materials/M_Tech_Panel.uasset" 464
"../../../../../../Users/Elijah Posey/Documents/GitHub/Flashback_And_Reload/Flashback_And_Reload/Content/StarterContent/Textures/T_MacroVariation.uasset" 465
"../../../../../../Users/Elijah Posey/Documents/GitHub/Flashback_And_Reload/Flashback_And_Reload/Content/StarterContent/Textures/T_Metal_Steel_D.uasset" 466
"../../../../../../Users/Elijah Posey/Documents/GitHub/Flashback_And_Reload/Flashback_And_Reload/Content/StarterContent/Textures/T_Tech_Panel_M.uasset" 467
"../../../../../../Users/Elijah Posey/Documents/GitHub/Flashback_And_Reload/Flashback_And_Reload/Content/StarterContent/Textures/T_Tech_Panel_N.uasset" 468
"../../../../../../Users/Elijah Posey/Documents/GitHub/Flashback_And_Reload/Flashback_And_Reload/Content/StarterContent/Shapes/Shape_Cone.uasset" 469
"../../../../../../Users/Elijah Posey/Documents/GitHub/Flashback_And_Reload/Flashback_And_Reload/Content/StarterContent/Shapes/Shape_Sphere.uasset" 470
"../../../../../../Users/Elijah Posey/Documents/GitHub/Flashback_And_Reload/Flashback_And_Reload/Content/Flashback_And_Reload/Materials/infinity.uasset" 471
"../../../../../../Users/Elijah Posey/Documents/GitHub/Flashback_And_Reload/Flashback_And_Reload/Content/StarterContent/Materials/M_Brick_Clay_New.uasset" 472
"../../../../../../Users/Elijah Posey/Documents/GitHub/Flashback_And_Reload/Flashback_And_Reload/Content/StarterContent/Textures/T_Brick_Clay_New_D.uasset" 473
"../../../../../../Users/Elijah Posey/Documents/GitHub/Flashback_And_Reload/Flashback_And_Reload/Content/StarterContent/Textures/T_Brick_Clay_New_M.uasset" 474
"../../../../../../Users/Elijah Posey/Documents/GitHub/Flashback_And_Reload/Flashback_And_Reload/Content/StarterContent/Textures/T_Brick_Clay_New_N.uasset" 475
"../../../../../../Users/Elijah Posey/Documents/GitHub/Flashback_And_Reload/Flashback_And_Reload/Content/StarterContent/Textures/T_Detail_Rocky_N.uasset" 476
"../../../../../../Users/Elijah Posey/Documents/GitHub/Flashback_And_Reload/Flashback_And_Reload/Content/StarterContent/Materials/M_Concrete_Poured.uasset" 477
"../../../../../../Users/Elijah Posey/Documents/GitHub/Flashback_And_Reload/Flashback_And_Reload/Content/StarterContent/Textures/T_Concrete_Poured_D.uasset" 478
"../../../../../../Users/Elijah Posey/Documents/GitHub/Flashback_And_Reload/Flashback_And_Reload/Content/StarterContent/Textures/T_Concrete_Poured_N.uasset" 479
"../../../../../../Users/Elijah Posey/Documents/GitHub/Flashback_And_Reload/Flashback_And_Reload/Content/StarterContent/Textures/T_Perlin_Noise_M.uasset" 480
"../../../../../../Users/Elijah Posey/Documents/GitHub/Flashback_And_Reload/Flashback_And_Reload/Content/StarterContent/Materials/M_Concrete_Tiles.uasset" 481
"../../../../../../Users/Elijah Posey/Documents/GitHub/Flashback_And_Reload/Flashback_And_Reload/Content/StarterContent/Textures/T_Concrete_Tiles_D.uasset" 482
"../../../../../../Users/Elijah Posey/Documents/GitHub/Flashback_And_Reload/Flashback_And_Reload/Content/StarterContent/Textures/T_Concrete_Tiles_M.uasset" 483
"../../../../../../Users/Elijah Posey/Documents/GitHub/Flashback_And_Reload/Flashback_And_Reload/Content/StarterContent/Textures/T_Concrete_Tiles_N.uasset" 484
"../../../../../../Users/Elijah Posey/Documents/GitHub/Flashback_And_Reload/Flashback_And_Reload/Content/StarterContent/Textures/T_Concrete_Tiles_Variation_M.uasset" 485
"../../../../../../Users/Elijah Posey/Documents/GitHub/Flashback_And_Reload/Flashback_And_Reload/Content/StarterContent/Materials/M_Metal_Burnished_Steel.uasset" 486
"../../../../../../Users/Elijah Posey/Documents/GitHub/Flashback_And_Reload/Flashback_And_Reload/Content/StarterContent/Textures/T_Metal_Aluminum_D.uasset" 487
"../../../../../../Users/Elijah Posey/Documents/GitHub/Flashback_And_Reload/Flashback_And_Reload/Content/StarterContent/Textures/T_Metal_Gold_N.uasset" 488
"../../../../../../Users/Elijah Posey/Documents/GitHub/Flashback_And_Reload/Flashback_And_Reload/Content/StarterContent/Materials/M_Metal_Chrome.uasset" 489
"../../../../../../Users/Elijah Posey/Documents/GitHub/Flashback_And_Reload/Flashback_And_Reload/Content/StarterContent/Materials/M_Metal_Gold.uasset" 490
"../../../../../../Users/Elijah Posey/Documents/GitHub/Flashback_And_Reload/Flashback_And_Reload/Content/StarterContent/Textures/T_Metal_Gold_D.uasset" 491
"../../../../../../Users/Elijah Posey/Documents/GitHub/Flashback_And_Reload/Flashback_And_Reload/Content/StarterContent/Materials/M_Metal_Rust.uasset" 492
"../../../../../../Users/Elijah Posey/Documents/GitHub/Flashback_And_Reload/Flashback_And_Reload/Content/StarterContent/Textures/T_Metal_Rust_D.uasset" 493
"../../../../../../Users/Elijah Posey/Documents/GitHub/Flashback_And_Reload/Flashback_And_Reload/Content/StarterContent/Textures/T_Metal_Rust_N.uasset" 494
"../../../Engine/Content/MapTemplates/SM_Template_Map_Floor.uasset" 495
"../../../../../../Users/Elijah Posey/Documents/GitHub/Flashback_And_Reload/Flashback_And_Reload/Content/Flashback_And_Reload/Audio/Light_Dance_Cue.uasset" 496
"../../../../../../Users/Elijah Posey/Documents/GitHub/Flashback_And_Reload/Flashback_And_Reload/Content/Flashback_And_Reload/Audio/Light_Dance.uasset" 497
"../../../../../../Users/Elijah Posey/Documents/GitHub/Flashback_And_Reload/Flashback_And_Reload/Content/StarterContent/Props/SM_MatPreviewMesh_02.uasset" 498
"../../../../../../Users/Elijah Posey/Documents/GitHub/Flashback_And_Reload/Flashback_And_Reload/Content/StarterContent/Props/Materials/M_MaterialSphere.uasset" 499
"../../../../../../Users/Elijah Posey/Documents/GitHub/Flashback_And_Reload/Flashback_And_Reload/Content/StarterContent/Props/Materials/M_MaterialSphere_Plain.uasset" 500
"C:/Users/Elijah Posey/AppData/Local/UnrealEngine/Common/DerivedDataCache/7/8/3/TEXTURE_75F87CE100B546AAB8A1C4132AF9DB17_BGRA8_FDDF7AB54E49F045D31768A133AB8C5__E78EE0354F1B90E6CFE6EF9CA684A09D25B549D2.udd" 501
"C:/Users/Elijah Posey/AppData/Local/UnrealEngine/Common/DerivedDataCache/0/8/0/MATSM_E2C1E89EE9AE4F3CA7B8E0F2C49B34EB_PCD3D_SM5_2__BC5N_DEV_SL_NODBUFB5A106EA__46F019FF18FBFDAA047ED0BC8E2E19819EE17E6C.udd" 502
"C:/Users/Elijah Posey/AppData/Local/UnrealEngine/Common/DerivedDataCache/2/9/2/TEXTURE_75F87CE100B546AAB8A1C4132AF9DB17_AUTODXT_7FAB85104DB7B9FAF116DD9F962D3__F00E0724BACDF9C9FC3C3711FD657DDAA864781A.udd" 503
"C:/Users/Elijah Posey/AppData/Local/UnrealEngine/Common/DerivedDataCache/5/6/4/TEXTURE_75F87CE100B546AAB8A1C4132AF9DB17_AUTODXT_7FAB85104DB7B9FAF116DD9F962D3__F8F5B2880D00F163D61675204FF725650AFC52AB.udd" 504
"C:/Users/Elijah Posey/AppData/Local/UnrealEngine/Common/DerivedDataCache/1/6/6/TEXTURE_75F87CE100B546AAB8A1C4132AF9DB17_AUTODXT_71E4BED04296880D9805C99A0AFF7__200E6EA7DC43E2ADB6988D1AD21AC6AB4EE742A4.udd" 505
"C:/Users/Elijah Posey/AppData/Local/UnrealEngine/Common/DerivedDataCache/9/1/9/TEXTURE_75F87CE100B546AAB8A1C4132AF9DB17_AUTODXT_71E4BED04296880D9805C99A0AFF7__1462654D6B8E45D330B540BC13F862B8B0A65AF9.udd" 506
"C:/Users/Elijah Posey/AppData/Local/UnrealEngine/Common/DerivedDataCache/2/0/2/TEXTURE_75F87CE100B546AAB8A1C4132AF9DB17_AUTODXT_2FDE02204C7DEB30F960D3B4FEDE4__33E3FC75892B0C9A3FA3BA00480C300CCCAAD4B3.udd" 507
"C:/Users/Elijah Posey/AppData/Local/UnrealEngine/Common/DerivedDataCache/0/9/5/TEXTURE_75F87CE100B546AAB8A1C4132AF9DB17_AUTODXT_71E4BED04296880D9805C99A0AFF7__D78E3A9F301FB97C193D046F2C4B5706E31471DE.udd" 508
"C:/Users/Elijah Posey/AppData/Local/UnrealEngine/Common/DerivedDataCache/0/7/8/TEXTURE_75F87CE100B546AAB8A1C4132AF9DB17_AUTODXT_2FDE02204C7DEB30F960D3B4FEDE4__F0D0E9A2B95C01893DFBCAD621233C03DC56B72C.udd" 509
"C:/Users/Elijah Posey/AppData/Local/UnrealEngine/Common/DerivedDataCache/6/6/7/TEXTURE_75F87CE100B546AAB8A1C4132AF9DB17_AUTODXT_7FAB85104DB7B9FAF116DD9F962D3__62CB8BF7287D3E771361F9A0B4A6CA3314EFD246.udd" 510
"C:/Users/Elijah Posey/AppData/Local/UnrealEngine/Common/DerivedDataCache/3/5/2/TEXTURE_75F87CE100B546AAB8A1C4132AF9DB17_DXT1_D02059FC4F81477727066B90B60FDC05__15FF35CB39ED9634274648F7C7BD80461C02E8AB.udd" 511
"C:/Users/Elijah Posey/AppData/Local/UnrealEngine/Common/DerivedDataCache/1/4/7/TEXTURE_75F87CE100B546AAB8A1C4132AF9DB17_AUTODXT_2FDE02204C7DEB30F960D3B4FEDE4__D2F8CB3757F999EEA0846D622A76F2B07D14D21D.udd" 512
"C:/Users/Elijah Posey/AppData/Local/UnrealEngine/Common/DerivedDataCache/6/1/7/TEXTURE_75F87CE100B546AAB8A1C4132AF9DB17_DXT1_D02059FC4F81477727066B90B60FDC05__9505CD5626845B3C472F8054FE4B1CC2D36DF9EE.udd" 513
"C:/Users/Elijah Posey/AppData/Local/UnrealEngine/Common/DerivedDataCache/9/1/4/TEXTURE_75F87CE100B546AAB8A1C4132AF9DB17_DXT1_874664804F2A08BD882CAB9BE7925504__69C8EF23F344A2703B14D52DD58B812EB88DB867.udd" 514
"C:/Users/Elijah Posey/AppData/Local/UnrealEngine/Common/DerivedDataCache/3/0/6/TEXTURE_75F87CE100B546AAB8A1C4132AF9DB17_DXT1_874664804F2A08BD882CAB9BE7925504__0371B125F7ADB73381F756FDA343DDE5AD5C0F2D.udd" 515
"C:/Users/Elijah Posey/AppData/Local/UnrealEngine/Common/DerivedDataCache/1/7/3/TEXTURE_75F87CE100B546AAB8A1C4132AF9DB17_DXT1_874664804F2A08BD882CAB9BE7925504__82C342B1A61E5C222CD368F115F3BF44E7E628DD.udd" 516
"C:/Users/Elijah Posey/AppData/Local/UnrealEngine/Common/DerivedDataCache/3/2/0/TEXTURE_75F87CE100B546AAB8A1C4132AF9DB17_DXT1_030144374E8CD9D87393C2A00C80FEB2__513D28B86B19CE42BD5E0F5666B23BDD687FD951.udd" 517
"C:/Users/Elijah Posey/AppData/Local/UnrealEngine/Common/DerivedDataCache/0/8/2/TEXTURE_75F87CE100B546AAB8A1C4132AF9DB17_DXT1_030144374E8CD9D87393C2A00C80FEB2__4E82160138067454081D6E110248F69ACE8FB603.udd" 518
"C:/Users/Elijah Posey/AppData/Local/UnrealEngine/Common/DerivedDataCache/2/1/4/TEXTURE_75F87CE100B546AAB8A1C4132AF9DB17_DXT1_030144374E8CD9D87393C2A00C80FEB2__E3AA4EF0FB298C47793C7E4379092AD996D69750.udd" 519
"C:/Users/Elijah Posey/AppData/Local/UnrealEngine/Common/DerivedDataCache/0/6/8/TEXTURE_75F87CE100B546AAB8A1C4132AF9DB17_BGRA8_010142754CF5E8BE03BF2C85DB10A8B__D16AA8C26F6EC63EF50B957D10020370E2BD3101.udd" 520
"C:/Users/Elijah Posey/AppData/Local/UnrealEngine/Common/DerivedDataCache/3/4/5/TEXTURE_75F87CE100B546AAB8A1C4132AF9DB17_AUTODXT_7FAB85104DB7B9FAF116DD9F962D3__E74FEAF7CB2A3251A51711A189E47131C92F964F.udd" 521
"C:/Users/Elijah Posey/AppData/Local/UnrealEngine/Common/DerivedDataCache/3/8/1/TEXTURE_75F87CE100B546AAB8A1C4132AF9DB17_AUTODXT_7FAB85104DB7B9FAF116DD9F962D3__A1566FE18B26415F9E70550D0DBF53CB20C412E8.udd" 522
"C:/Users/Elijah Posey/AppData/Local/UnrealEngine/Common/DerivedDataCache/8/7/1/TEXTURE_75F87CE100B546AAB8A1C4132AF9DB17_BGRA8_C453D42343CF3D7C60E29FA37A34F5C__5284E00C34C700E95CDF5129A27C74B08F7B4A1B.udd" 523
"C:/Users/Elijah Posey/AppData/Local/UnrealEngine/Common/DerivedDataCache/4/6/0/TEXTURE_75F87CE100B546AAB8A1C4132AF9DB17_BGRA8_010142754CF5E8BE03BF2C85DB10A8B__65B4F0D7E3C4B64B1CAE5CF300D1B492F064D0B7.udd" 524
"C:/Users/Elijah Posey/AppData/Local/UnrealEngine/Common/DerivedDataCache/6/5/2/TEXTURE_75F87CE100B546AAB8A1C4132AF9DB17_DXT1_D02059FC4F81477727066B90B60FDC05__C893916E87F069F2B4F75F61B4CA192F71B1F845.udd" 525
"C:/Users/Elijah Posey/AppData/Local/UnrealEngine/Common/DerivedDataCache/0/8/0/TEXTURE_75F87CE100B546AAB8A1C4132AF9DB17_DXT1_D02059FC4F81477727066B90B60FDC05__4AF6E894E143E9D43DB6740EF4AEE6136BEF7998.udd" 526
"C:/Users/Elijah Posey/AppData/Local/UnrealEngine/Common/DerivedDataCache/8/6/1/TEXTURE_75F87CE100B546AAB8A1C4132AF9DB17_DXT1_D02059FC4F81477727066B90B60FDC05__0B67C0BD05643846AB05B2DFC35A776D2BABA5B3.udd" 527
"C:/Users/Elijah Posey/AppData/Local/UnrealEngine/Common/DerivedDataCache/0/0/2/TEXTURE_75F87CE100B546AAB8A1C4132AF9DB17_BGRA8_010142754CF5E8BE03BF2C85DB10A8B__83079F08C5B990A105A6AB24367C4B3CDD0EAB6D.udd" 528
"C:/Users/Elijah Posey/AppData/Local/UnrealEngine/Common/DerivedDataCache/5/0/2/TEXTURE_75F87CE100B546AAB8A1C4132AF9DB17_BGRA8_010142754CF5E8BE03BF2C85DB10A8B__E9DA932C683EA3C444FD1AC4EFEC0FD2E115E8C8.udd" 529
"C:/Users/Elijah Posey/AppData/Local/UnrealEngine/Common/DerivedDataCache/1/8/4/TEXTURE_75F87CE100B546AAB8A1C4132AF9DB17_BGRA8_010142754CF5E8BE03BF2C85DB10A8B__BEDC0C8B708A911879E5CEC7F41FC8761903B4FB.udd" 530
"C:/Users/Elijah Posey/AppData/Local/UnrealEngine/Common/DerivedDataCache/5/0/8/TEXTURE_75F87CE100B546AAB8A1C4132AF9DB17_BGRA8_C453D42343CF3D7C60E29FA37A34F5C__E63A8FD76026C34ADBEEEB6F48490D79B08C86E9.udd" 531
"C:/Users/Elijah Posey/AppData/Local/UnrealEngine/Common/DerivedDataCache/6/8/0/TEXTURE_75F87CE100B546AAB8A1C4132AF9DB17_BGRA8_C453D42343CF3D7C60E29FA37A34F5C__D82259DABD4A251EF417837505CDA46624E26B5C.udd" 532
"C:/Users/Elijah Posey/AppData/Local/UnrealEngine/Common/DerivedDataCache/6/5/9/AUDIO_0002_0000_OGG_0001_AEE0F8D64B827BF73771B7AAA857B94F.udd" 533
"C:/Users/Elijah Posey/AppData/Local/UnrealEngine/Common/DerivedDataCache/0/6/0/MATSM_E2C1E89EE9AE4F3CA7B8E0F2C49B34EB_PCD3D_SM5_2__BC5N_DEV_SL_NODBUFDC27000E__5338A06724B81D508E0FDCDC1F08E3F8DDA18FC5.udd" 534
"C:/Users/Elijah Posey/AppData/Local/UnrealEngine/Common/DerivedDataCache/5/3/8/MATSM_E2C1E89EE9AE4F3CA7B8E0F2C49B34EB_PCD3D_SM5_2__BC5N_DEV_SL_NODBUFE86F79C5__5FECFD2A5BF22DAA363733FB5D8329EE379CFFB9.udd" 535
"C:/Users/Elijah Posey/AppData/Local/UnrealEngine/Common/DerivedDataCache/0/8/0/PHYSX_$7B1F0627AE$2DABEB$2D4206$2D8D78$2DE16BEB5DDC7E$7D_PHYSXPC_20F13B8C4B2C6393F52EE0BE433CCC3D__1_0_13073_0.udd" 536
"C:/Users/Elijah Posey/AppData/Local/UnrealEngine/Common/DerivedDataCache/7/6/4/PHYSX_$7B1F0627AE$2DABEB$2D4206$2D8D78$2DE16BEB5DDC7E$7D_PHYSXPC_10659F5442DA7D3243DA1F847D81897A__1_0_13073_0.udd" 537
"C:/Users/Elijah Posey/AppData/Local/UnrealEngine/Common/DerivedDataCache/6/4/3/PHYSX_$7B1F0627AE$2DABEB$2D4206$2D8D78$2DE16BEB5DDC7E$7D_PHYSXPC_FF53A5BC487C6A800928D98AA8792BC5__1_0_13073_0.udd" 538
"C:/Users/Elijah Posey/AppData/Local/UnrealEngine/Common/DerivedDataCache/8/8/7/PHYSX_$7B1F0627AE$2DABEB$2D4206$2D8D78$2DE16BEB5DDC7E$7D_PHYSXPC_6E5E7F8544DF7638DD440B81930F3EBF__1_0_13073_0.udd" 539
"C:/Users/Elijah Posey/AppData/Local/UnrealEngine/Common/DerivedDataCache/5/6/4/PHYSX_$7B1F0627AE$2DABEB$2D4206$2D8D78$2DE16BEB5DDC7E$7D_PHYSXPC_39D693BD45346485585FDF9909DF321E__1_0_13073_0.udd" 540
"C:/Users/Elijah Posey/AppData/Local/UnrealEngine/Common/DerivedDataCache/4/0/6/PHYSX_$7B1F0627AE$2DABEB$2D4206$2D8D78$2DE16BEB5DDC7E$7D_PHYSXPC_2512155D478442792164DCA7F3310EA1__1_0_13073_0.udd" 541
"C:/Users/Elijah Posey/AppData/Local/UnrealEngine/Common/DerivedDataCache/8/3/9/PHYSX_$7B1F0627AE$2DABEB$2D4206$2D8D78$2DE16BEB5DDC7E$7D_PHYSXPC_0D1540614B3238AFCB1A0C9FB3FE3EC3__1_0_13073_0.udd" 542
"C:/Users/Elijah Posey/AppData/Local/UnrealEngine/Common/DerivedDataCache/2/4/9/PHYSX_$7B1F0627AE$2DABEB$2D4206$2D8D78$2DE16BEB5DDC7E$7D_PHYSXPC_008C099C48CA55B8F1514280D7D893FC__1_0_13073_0.udd" 543
"C:/Users/Elijah Posey/AppData/Local/UnrealEngine/Common/DerivedDataCache/8/5/6/PHYSX_$7B1F0627AE$2DABEB$2D4206$2D8D78$2DE16BEB5DDC7E$7D_PHYSXPC_127F3C9A4E08E15C95F076ADF75F2A80__1_0_13073_0.udd" 544
"C:/Users/Elijah Posey/AppData/Local/UnrealEngine/Common/DerivedDataCache/2/4/1/PHYSX_$7B1F0627AE$2DABEB$2D4206$2D8D78$2DE16BEB5DDC7E$7D_PHYSXPC_A4FFD12D469272CB6DE994BB132C0308__1_0_13073_0.udd" 545
"C:/Users/Elijah Posey/AppData/Local/UnrealEngine/Common/DerivedDataCache/9/8/0/PHYSX_$7B1F0627AE$2DABEB$2D4206$2D8D78$2DE16BEB5DDC7E$7D_PHYSXPC_BBA3E6944954F5AC422983B8A3C8AF83__1_0_13073_0.udd" 546
"C:/Users/Elijah Posey/AppData/Local/UnrealEngine/Common/DerivedDataCache/3/4/9/PHYSX_$7B1F0627AE$2DABEB$2D4206$2D8D78$2DE16BEB5DDC7E$7D_PHYSXPC_F9468E9F418C32DCF310D8803762942D__1_0_13073_0.udd" 547
"C:/Users/Elijah Posey/AppData/Local/UnrealEngine/Common/DerivedDataCache/3/5/4/PHYSX_$7B1F0627AE$2DABEB$2D4206$2D8D78$2DE16BEB5DDC7E$7D_PHYSXPC_FA7C249F4D933E73E492DAB5DAB57E46__1_0_13073_0.udd" 548
"../../../Engine/Content/EditorResources/AudioIcons/S_AudioComponent_AutoActivate.uasset" 549
"C:/Users/Elijah Posey/Documents/GitHub/Flashback_And_Reload/Flashback_And_Reload/Intermediate/Shaders/WorkingDirectory/12224/0/WorkerOutputOnly.out" 550
"C:/Users/Elijah Posey/Documents/GitHub/Flashback_And_Reload/Flashback_And_Reload/Intermediate/Shaders/WorkingDirectory/12224/2/WorkerOutputOnly.out" 551
"C:/Users/Elijah Posey/Documents/GitHub/Flashback_And_Reload/Flashback_And_Reload/Intermediate/Shaders/WorkingDirectory/12224/1/WorkerOutputOnly.out" 552
"../../../../../../Users/Elijah Posey/Documents/GitHub/Flashback_And_Reload/Flashback_And_Reload/Saved/Autosaves/Game/Flashback_And_Reload/UEDPCPrototype_Level.umap" 553
"C:/Users/Elijah Posey/AppData/Local/UnrealEngine/Common/DerivedDataCache/5/3/9/MATSM_E2C1E89EE9AE4F3CA7B8E0F2C49B34EB_PCD3D_SM4_2__BC5N_DEV_SL_NODBUFB5A106EA__7B9024D5F45D1A7D90210596A48F40C9EFF720BC.udd" 554
"C:/Users/Elijah Posey/AppData/Local/UnrealEngine/Common/DerivedDataCache/3/5/3/MATSM_E2C1E89EE9AE4F3CA7B8E0F2C49B34EB_PCD3D_SM4_2__BC5N_DEV_SL_NODBUFDC27000E__5A8E98301E68BF5F8AF4F62CE73CE237C70A2852.udd" 555
"C:/Users/Elijah Posey/AppData/Local/UnrealEngine/Common/DerivedDataCache/5/2/2/MATSM_E2C1E89EE9AE4F3CA7B8E0F2C49B34EB_PCD3D_SM4_2__BC5N_DEV_SL_NODBUFE86F79C5__40CA9BA4706911035B6DF008E53674B2E74373C1.udd" 556
